t:\galicaspaceshooter\engine\x64\debug\game.obj
t:\galicaspaceshooter\engine\x64\debug\dxerr.obj
t:\galicaspaceshooter\engine\x64\debug\main.obj
t:\galicaspaceshooter\engine\x64\debug\graphics.obj
t:\galicaspaceshooter\engine\x64\debug\keyboard.obj
t:\galicaspaceshooter\engine\x64\debug\mainwindow.obj
t:\galicaspaceshooter\engine\x64\debug\mouse.obj
t:\galicaspaceshooter\engine\x64\debug\rectangle.obj
t:\galicaspaceshooter\engine\framebufferps.shh
t:\galicaspaceshooter\engine\framebuffervs.shh
t:\galicaspaceshooter\x64\debug\engine.exe
t:\galicaspaceshooter\x64\debug\engine.ilk
t:\galicaspaceshooter\x64\debug\engine.pdb
t:\galicaspaceshooter\engine\x64\debug\resource.res
t:\galicaspaceshooter\engine\x64\debug\draw.obj
t:\galicaspaceshooter\engine\x64\debug\vc141.idb
t:\galicaspaceshooter\engine\x64\debug\vc141.pdb
t:\galicaspaceshooter\engine\x64\debug\engine.tlog\cl.command.1.tlog
t:\galicaspaceshooter\engine\x64\debug\engine.tlog\cl.read.1.tlog
t:\galicaspaceshooter\engine\x64\debug\engine.tlog\cl.write.1.tlog
t:\galicaspaceshooter\engine\x64\debug\engine.tlog\engine.write.1u.tlog
t:\galicaspaceshooter\engine\x64\debug\engine.tlog\fxc.command.1.tlog
t:\galicaspaceshooter\engine\x64\debug\engine.tlog\fxc.read.1.tlog
t:\galicaspaceshooter\engine\x64\debug\engine.tlog\fxc.write.1.tlog
t:\galicaspaceshooter\engine\x64\debug\engine.tlog\link.command.1.tlog
t:\galicaspaceshooter\engine\x64\debug\engine.tlog\link.read.1.tlog
t:\galicaspaceshooter\engine\x64\debug\engine.tlog\link.write.1.tlog
t:\galicaspaceshooter\engine\x64\debug\engine.tlog\rc.command.1.tlog
t:\galicaspaceshooter\engine\x64\debug\engine.tlog\rc.read.1.tlog
t:\galicaspaceshooter\engine\x64\debug\engine.tlog\rc.write.1.tlog
